<?xml version="1.0" encoding="UTF-8"?>
<!-- Generated by org.testng.reporters.JUnitXMLReporter -->
<testsuite ignored="0" hostname="briolins-MacBook-Pro.local" failures="2" tests="6" name="Test" time="46.936" errors="0" timestamp="2025-01-19T18:12:27 IST">
  <testcase classname="testCases.TC3_LoginDDT" name="testLoginDatadriven" time="4.069"/>
  <testcase classname="testCases.TC3_LoginDDT" name="testLoginDatadriven" time="3.962"/>
  <testcase classname="testCases.TC3_LoginDDT" name="testLoginDatadriven" time="3.931">
    <failure type="java.lang.AssertionError" message="null">
      <![CDATA[java.lang.AssertionError: null
at testCases.TC3_LoginDDT.testLoginDatadriven(TC3_LoginDDT.java:59)
at java.base/java.util.ArrayList.forEach(ArrayList.java:1597)
... Removed 27 stack frames]]>
    </failure>
  </testcase> <!-- testLoginDatadriven -->
  <testcase classname="testCases.TC3_LoginDDT" name="testLoginDatadriven" time="13.674"/>
  <testcase classname="testCases.TC3_LoginDDT" name="testLoginDatadriven" time="3.973"/>
  <testcase classname="testCases.TC3_LoginDDT" name="testLoginDatadriven" time="13.739">
    <failure type="java.lang.AssertionError" message="null">
      <![CDATA[java.lang.AssertionError: null
at testCases.TC3_LoginDDT.testLoginDatadriven(TC3_LoginDDT.java:48)
at java.base/java.util.ArrayList.forEach(ArrayList.java:1597)
... Removed 27 stack frames]]>
    </failure>
  </testcase> <!-- testLoginDatadriven -->
</testsuite> <!-- Test -->
